<?xml version="1.0" encoding="UTF-8"?>
<testsuites name="TS_Purchase_Cat" time="27.97" tests="1" failures="0" errors="0">
   <testsuite name="TS_Purchase_Cat" tests="1" failures="0" errors="0" time="27.97" skipped="0" timestamp="21-04-2024T15:20:51" hostname="XQ612DJ - IN3086658W1.ey.net" id="Test Suites/TS_Purchase_Cat">
      <properties>
         <property name="deviceName" value=""/>
         <property name="devicePlatform" value=""/>
         <property name="logFolder" value="C:\\Users\\XQ612DJ\\git\\KatalonPetStoreGit\\Reports\\20240421_152045\\TS_Purchase_Cat\\20240421_152045"/>
         <property name="logFiles" value="C:\\Users\\XQ612DJ\\git\\KatalonPetStoreGit\\Reports\\20240421_152045\\TS_Purchase_Cat\\20240421_152045\\execution0.log"/>
         <property name="attachments" value=""/>
         <property name="hostName" value="XQ612DJ - IN3086658W1.ey.net"/>
         <property name="os" value="Windows 10 64bit"/>
         <property name="katalonVersion" value="9.4.0.212"/>
         <property name="browser" value="Edge Chromium 123"/>
         <property name="hostAddress" value="192.168.29.106"/>
         <property name="sessionId" value="cb8a54fc934cc8fa0092233d363691ef"/>
         <property name="seleniumVersion" value="3.141.59"/>
         <property name="proxyInformation" value="ProxyInformation { proxyOption=NO_PROXY, proxyServerType=HTTP, username=, password=********, proxyServerAddress=, proxyServerPort=0, executionList=&quot;&quot;, isApplyToDesiredCapabilities=true }"/>
         <property name="platform" value="Windows 10"/>
      </properties>
      <testcase name="Test Cases/Purchase_Cat" time="27.562" classname="Test Cases/Purchase_Cat" status="PASSED">
         <system-out><![CDATA[21-04-2024T15:20:52 - [TEST_CASE][PASSED] - Test Cases/Purchase_Cat: Test Cases/Purchase_Cat

21-04-2024T15:20:52 - [TEST_STEP][PASSED] - callTestCase(findTestCase("Login"), [:], STOP_ON_FAILURE): Call Test Case 'Test Cases/Login' successfully

21-04-2024T15:20:53 - [TEST_CASE][PASSED] - Test Cases/Login: Test Cases/Login

21-04-2024T15:20:53 - [TEST_STEP][PASSED] - openBrowser(""): Browser is opened with url: ''

21-04-2024T15:20:53 - [MESSAGE][INFO] - Starting 'Edge Chromium' driver

21-04-2024T15:20:56 - [MESSAGE][INFO] - Action delay is set to 0 milliseconds

21-04-2024T15:20:59 - [MESSAGE][PASSED] - Browser is opened with url: ''

21-04-2024T15:20:59 - [TEST_STEP][PASSED] - navigateToUrl("https://petstore.octoperf.com/"): Navigate to 'https://petstore.octoperf.com/' successfully

21-04-2024T15:21:00 - [MESSAGE][PASSED] - Navigate to 'https://petstore.octoperf.com/' successfully

21-04-2024T15:21:00 - [TEST_STEP][PASSED] - click(findTestObject("Object Repository/PetStore/Page_JPetStore Demo/a_Enter the Store")): Object: 'Object Repository/PetStore/Page_JPetStore Demo/a_Enter the Store' is clicked on

21-04-2024T15:21:02 - [MESSAGE][PASSED] - Object: 'Object Repository/PetStore/Page_JPetStore Demo/a_Enter the Store' is clicked on

21-04-2024T15:21:02 - [TEST_STEP][PASSED] - click(findTestObject("Object Repository/PetStore/Page_JPetStore Demo/a_Sign In")): Object: 'Object Repository/PetStore/Page_JPetStore Demo/a_Sign In' is clicked on

21-04-2024T15:21:02 - [MESSAGE][PASSED] - Object: 'Object Repository/PetStore/Page_JPetStore Demo/a_Sign In' is clicked on

21-04-2024T15:21:02 - [TEST_STEP][PASSED] - setText(findTestObject("Object Repository/PetStore/Page_JPetStore Demo/input_Need a user name and password_username"), "j2ee"): Text 'j2ee' is set on object 'Object Repository/PetStore/Page_JPetStore Demo/input_Need a user name and password_username'

21-04-2024T15:21:03 - [MESSAGE][PASSED] - Text 'j2ee' is set on object 'Object Repository/PetStore/Page_JPetStore Demo/input_Need a user name and password_username'

21-04-2024T15:21:03 - [TEST_STEP][PASSED] - click(findTestObject("Object Repository/PetStore/Page_JPetStore Demo/input_Need a user name and password_signon")): Object: 'Object Repository/PetStore/Page_JPetStore Demo/input_Need a user name and password_signon' is clicked on

21-04-2024T15:21:04 - [MESSAGE][PASSED] - Object: 'Object Repository/PetStore/Page_JPetStore Demo/input_Need a user name and password_signon' is clicked on

21-04-2024T15:21:04 - [MESSAGE][PASSED] - Call Test Case 'Test Cases/Login' successfully

21-04-2024T15:21:04 - [TEST_STEP][PASSED] - callTestCase(findTestCase("Login"), [:], STOP_ON_FAILURE): Call Test Case 'Test Cases/Login' successfully

21-04-2024T15:21:04 - [TEST_CASE][PASSED] - Test Cases/Login: Test Cases/Login

21-04-2024T15:21:04 - [TEST_STEP][PASSED] - openBrowser(""): Browser is opened with url: ''

21-04-2024T15:21:04 - [MESSAGE][WARNING] - A browser is already opened. Closing browser and opening a new one

21-04-2024T15:21:04 - [MESSAGE][INFO] - Starting 'Edge Chromium' driver

21-04-2024T15:21:07 - [MESSAGE][INFO] - Action delay is set to 0 milliseconds

21-04-2024T15:21:08 - [MESSAGE][PASSED] - Browser is opened with url: ''

21-04-2024T15:21:08 - [TEST_STEP][PASSED] - navigateToUrl("https://petstore.octoperf.com/"): Navigate to 'https://petstore.octoperf.com/' successfully

21-04-2024T15:21:10 - [MESSAGE][PASSED] - Navigate to 'https://petstore.octoperf.com/' successfully

21-04-2024T15:21:10 - [TEST_STEP][PASSED] - click(findTestObject("Object Repository/PetStore/Page_JPetStore Demo/a_Enter the Store")): Object: 'Object Repository/PetStore/Page_JPetStore Demo/a_Enter the Store' is clicked on

21-04-2024T15:21:11 - [MESSAGE][PASSED] - Object: 'Object Repository/PetStore/Page_JPetStore Demo/a_Enter the Store' is clicked on

21-04-2024T15:21:11 - [TEST_STEP][PASSED] - click(findTestObject("Object Repository/PetStore/Page_JPetStore Demo/a_Sign In")): Object: 'Object Repository/PetStore/Page_JPetStore Demo/a_Sign In' is clicked on

21-04-2024T15:21:12 - [MESSAGE][PASSED] - Object: 'Object Repository/PetStore/Page_JPetStore Demo/a_Sign In' is clicked on

21-04-2024T15:21:12 - [TEST_STEP][PASSED] - setText(findTestObject("Object Repository/PetStore/Page_JPetStore Demo/input_Need a user name and password_username"), "j2ee"): Text 'j2ee' is set on object 'Object Repository/PetStore/Page_JPetStore Demo/input_Need a user name and password_username'

21-04-2024T15:21:13 - [MESSAGE][PASSED] - Text 'j2ee' is set on object 'Object Repository/PetStore/Page_JPetStore Demo/input_Need a user name and password_username'

21-04-2024T15:21:13 - [TEST_STEP][PASSED] - click(findTestObject("Object Repository/PetStore/Page_JPetStore Demo/input_Need a user name and password_signon")): Object: 'Object Repository/PetStore/Page_JPetStore Demo/input_Need a user name and password_signon' is clicked on

21-04-2024T15:21:13 - [MESSAGE][PASSED] - Object: 'Object Repository/PetStore/Page_JPetStore Demo/input_Need a user name and password_signon' is clicked on

21-04-2024T15:21:13 - [MESSAGE][PASSED] - Call Test Case 'Test Cases/Login' successfully

21-04-2024T15:21:13 - [TEST_STEP][PASSED] - click(findTestObject("Object Repository/Page_JPetStore Demo/img")): Object: 'Object Repository/Page_JPetStore Demo/img' is clicked on

21-04-2024T15:21:14 - [MESSAGE][PASSED] - Object: 'Object Repository/Page_JPetStore Demo/img' is clicked on

21-04-2024T15:21:14 - [TEST_STEP][PASSED] - navigateToUrl("https://petstore.octoperf.com/actions/Catalog.action?viewCategory=&categoryId=CATS"): Navigate to 'https://petstore.octoperf.com/actions/Catalog.action?viewCategory=&categoryId=CATS' successfully

21-04-2024T15:21:14 - [MESSAGE][PASSED] - Navigate to 'https://petstore.octoperf.com/actions/Catalog.action?viewCategory=&categoryId=CATS' successfully

21-04-2024T15:21:14 - [TEST_STEP][PASSED] - click(findTestObject("Object Repository/Page_JPetStore Demo/a_FL-DLH-02")): Object: 'Object Repository/Page_JPetStore Demo/a_FL-DLH-02' is clicked on

21-04-2024T15:21:15 - [MESSAGE][PASSED] - Object: 'Object Repository/Page_JPetStore Demo/a_FL-DLH-02' is clicked on

21-04-2024T15:21:15 - [TEST_STEP][PASSED] - click(findTestObject("Object Repository/Page_JPetStore Demo/a_Add to Cart")): Object: 'Object Repository/Page_JPetStore Demo/a_Add to Cart' is clicked on

21-04-2024T15:21:16 - [MESSAGE][PASSED] - Object: 'Object Repository/Page_JPetStore Demo/a_Add to Cart' is clicked on

21-04-2024T15:21:16 - [TEST_STEP][PASSED] - click(findTestObject("Object Repository/Page_JPetStore Demo/a_Proceed to Checkout")): Object: 'Object Repository/Page_JPetStore Demo/a_Proceed to Checkout' is clicked on

21-04-2024T15:21:16 - [MESSAGE][PASSED] - Object: 'Object Repository/Page_JPetStore Demo/a_Proceed to Checkout' is clicked on

21-04-2024T15:21:16 - [TEST_STEP][PASSED] - click(findTestObject("Object Repository/Page_JPetStore Demo/input_Ship to different address_newOrder")): Object: 'Object Repository/Page_JPetStore Demo/input_Ship to different address_newOrder' is clicked on

21-04-2024T15:21:17 - [MESSAGE][PASSED] - Object: 'Object Repository/Page_JPetStore Demo/input_Ship to different address_newOrder' is clicked on

21-04-2024T15:21:17 - [TEST_STEP][PASSED] - click(findTestObject("Object Repository/Page_JPetStore Demo/a_Confirm")): Object: 'Object Repository/Page_JPetStore Demo/a_Confirm' is clicked on

21-04-2024T15:21:18 - [MESSAGE][PASSED] - Object: 'Object Repository/Page_JPetStore Demo/a_Confirm' is clicked on

21-04-2024T15:21:18 - [TEST_STEP][PASSED] - verifyElementText(findTestObject("Object Repository/Page_JPetStore Demo/li_Thank you, your order has been submitted"), "Thank you, your order has been submitted."): Actual text and expected text of test object 'Object Repository/Page_JPetStore Demo/li_Thank you, your order has been submitted' are matched.

21-04-2024T15:21:18 - [MESSAGE][PASSED] - Actual text and expected text of test object 'Object Repository/Page_JPetStore Demo/li_Thank you, your order has been submitted' are matched.

21-04-2024T15:21:18 - [TEST_STEP][PASSED] - click(findTestObject("Object Repository/Page_JPetStore Demo/a_Sign Out")): Object: 'Object Repository/Page_JPetStore Demo/a_Sign Out' is clicked on

21-04-2024T15:21:19 - [MESSAGE][PASSED] - Object: 'Object Repository/Page_JPetStore Demo/a_Sign Out' is clicked on

21-04-2024T15:21:19 - [TEST_STEP][PASSED] - closeBrowser(): Browser is closed

21-04-2024T15:21:19 - [MESSAGE][PASSED] - Browser is closed]]></system-out>
         <system-err><![CDATA[]]></system-err>
      </testcase>
      <system-out><![CDATA[21-04-2024T15:20:51 - [TEST_SUITE][PASSED] - TS_Purchase_Cat: Test Cases/Purchase_Cat]]></system-out>
      <system-err><![CDATA[]]></system-err>
   </testsuite>
</testsuites>
