<?xml version="1.0" encoding="UTF-8"?>
<testsuites name="TSC_Login_Purchase_Cat" time="107.747" tests="2" failures="0" errors="0">
   <testsuite name="TS_Login" tests="1" failures="0" errors="0" time="22.416" skipped="0" timestamp="21-04-2024T16:42:47" hostname="XQ612DJ - IN3086658W1.ey.net" id="Test Suites/TS_Login">
      <properties>
         <property name="deviceName" value=""/>
         <property name="devicePlatform" value=""/>
         <property name="logFolder" value="C:\\Users\\XQ612DJ\\git\\KatalonPetStoreGit\\Reports\\20240421_164227\\TS_Login\\20240421_164228"/>
         <property name="logFiles" value="C:\\Users\\XQ612DJ\\git\\KatalonPetStoreGit\\Reports\\20240421_164227\\TS_Login\\20240421_164228\\execution0.log"/>
         <property name="attachments" value=""/>
         <property name="hostName" value="XQ612DJ - IN3086658W1.ey.net"/>
         <property name="os" value="Windows 10 64bit"/>
         <property name="katalonVersion" value="9.4.0.212"/>
         <property name="browser" value="Edge Chromium 123"/>
         <property name="hostAddress" value="192.168.29.106"/>
         <property name="sessionId" value="40deec12ce890ad5cd1a6238e66d09f1"/>
         <property name="seleniumVersion" value="3.141.59"/>
         <property name="proxyInformation" value="ProxyInformation { proxyOption=NO_PROXY, proxyServerType=HTTP, username=, password=********, proxyServerAddress=, proxyServerPort=0, executionList=&quot;&quot;, isApplyToDesiredCapabilities=true }"/>
         <property name="platform" value="Windows 10"/>
      </properties>
      <testcase name="Test Cases/Login" time="12.534" classname="Test Cases/Login" status="PASSED">
         <system-out><![CDATA[21-04-2024T16:42:57 - [TEST_CASE][PASSED] - Test Cases/Login: Test Cases/Login

21-04-2024T16:42:57 - [TEST_STEP][PASSED] - openBrowser(""): Browser is opened with url: ''

21-04-2024T16:42:57 - [MESSAGE][WARNING] - A browser is already opened. Closing browser and opening a new one

21-04-2024T16:42:58 - [MESSAGE][INFO] - Starting 'Edge Chromium' driver

21-04-2024T16:43:00 - [MESSAGE][INFO] - Action delay is set to 0 milliseconds

21-04-2024T16:43:02 - [MESSAGE][PASSED] - Browser is opened with url: ''

21-04-2024T16:43:02 - [TEST_STEP][PASSED] - navigateToUrl("https://petstore.octoperf.com/"): Navigate to 'https://petstore.octoperf.com/' successfully

21-04-2024T16:43:04 - [MESSAGE][PASSED] - Navigate to 'https://petstore.octoperf.com/' successfully

21-04-2024T16:43:04 - [TEST_STEP][PASSED] - click(findTestObject("Object Repository/PetStore/Page_JPetStore Demo/a_Enter the Store")): Object: 'Object Repository/PetStore/Page_JPetStore Demo/a_Enter the Store' is clicked on

21-04-2024T16:43:05 - [MESSAGE][PASSED] - Object: 'Object Repository/PetStore/Page_JPetStore Demo/a_Enter the Store' is clicked on

21-04-2024T16:43:05 - [TEST_STEP][PASSED] - click(findTestObject("Object Repository/PetStore/Page_JPetStore Demo/a_Sign In")): Object: 'Object Repository/PetStore/Page_JPetStore Demo/a_Sign In' is clicked on

21-04-2024T16:43:06 - [MESSAGE][PASSED] - Object: 'Object Repository/PetStore/Page_JPetStore Demo/a_Sign In' is clicked on

21-04-2024T16:43:06 - [TEST_STEP][PASSED] - setText(findTestObject("Object Repository/PetStore/Page_JPetStore Demo/input_Need a user name and password_username"), "j2ee"): Text 'j2ee' is set on object 'Object Repository/PetStore/Page_JPetStore Demo/input_Need a user name and password_username'

21-04-2024T16:43:07 - [MESSAGE][PASSED] - Text 'j2ee' is set on object 'Object Repository/PetStore/Page_JPetStore Demo/input_Need a user name and password_username'

21-04-2024T16:43:07 - [TEST_STEP][PASSED] - click(findTestObject("Object Repository/PetStore/Page_JPetStore Demo/input_Need a user name and password_signon")): Object: 'Object Repository/PetStore/Page_JPetStore Demo/input_Need a user name and password_signon' is clicked on

21-04-2024T16:43:09 - [MESSAGE][PASSED] - Object: 'Object Repository/PetStore/Page_JPetStore Demo/input_Need a user name and password_signon' is clicked on

21-04-2024T16:43:09 - [TEST_STEP][PASSED] - waitForPageLoad(10): Wait for page load successfully

21-04-2024T16:43:10 - [MESSAGE][PASSED] - Wait for page load successfully]]></system-out>
         <system-err><![CDATA[]]></system-err>
      </testcase>
      <system-out><![CDATA[21-04-2024T16:42:47 - [TEST_SUITE][FAILED] - TS_Login: Test Cases/Login FAILED.
Reason:
com.kms.katalon.core.exception.StepFailedException: Unable to click on object 'Object Repository/PetStore/Page_JPetStore Demo/a_Enter the Store'
	at com.kms.katalon.core.webui.keyword.internal.WebUIKeywordMain.stepFailed(WebUIKeywordMain.groovy:64)
	at com.kms.katalon.core.webui.keyword.internal.WebUIKeywordMain.runKeyword(WebUIKeywordMain.groovy:26)
	at com.kms.katalon.core.webui.keyword.builtin.ClickKeyword.click(ClickKeyword.groovy:74)
	at com.kms.katalon.core.webui.keyword.builtin.ClickKeyword.execute(ClickKeyword.groovy:40)
	at com.kms.katalon.core.keyword.internal.KeywordExecutor.executeKeywordForPlatform(KeywordExecutor.groovy:74)
	at com.kms.katalon.core.webui.keyword.WebUiBuiltInKeywords.click(WebUiBuiltInKeywords.groovy:659)
	at Login.run(Login:24)
	at com.kms.katalon.core.main.ScriptEngine.run(ScriptEngine.java:194)
	at com.kms.katalon.core.main.ScriptEngine.runScriptAsRawText(ScriptEngine.java:119)
	at com.kms.katalon.core.main.TestCaseExecutor.runScript(TestCaseExecutor.java:448)
	at com.kms.katalon.core.main.TestCaseExecutor.doExecute(TestCaseExecutor.java:439)
	at com.kms.katalon.core.main.TestCaseExecutor.processExecutionPhase(TestCaseExecutor.java:418)
	at com.kms.katalon.core.main.TestCaseExecutor.accessMainPhase(TestCaseExecutor.java:410)
	at com.kms.katalon.core.main.TestCaseExecutor.execute(TestCaseExecutor.java:285)
	at com.kms.katalon.core.common.CommonExecutor.accessTestCaseMainPhase(CommonExecutor.java:65)
	at com.kms.katalon.core.main.TestSuiteExecutor.accessTestSuiteMainPhase(TestSuiteExecutor.java:150)
	at com.kms.katalon.core.main.TestSuiteExecutor.execute(TestSuiteExecutor.java:106)
	at com.kms.katalon.core.main.TestCaseMain.startTestSuite(TestCaseMain.java:180)
	at TempTestSuite1713697948054.run(TempTestSuite1713697948054.groovy:35)
	at java.base/jdk.internal.reflect.NativeMethodAccessorImpl.invoke0(Native Method)
	at java.base/jdk.internal.reflect.NativeMethodAccessorImpl.invoke(NativeMethodAccessorImpl.java:77)
	at java.base/jdk.internal.reflect.DelegatingMethodAccessorImpl.invoke(DelegatingMethodAccessorImpl.java:43)
Caused by: org.openqa.selenium.NoSuchWindowException: no such window: target window already closed
from unknown error: web view not found
  (Session info: MicrosoftEdge=123.0.2420.97)
Build info: version: '3.141.59', revision: 'e82be7d358', time: '2018-11-14T08:25:53'
System info: host: 'IN3086658W1', ip: '192.168.29.106', os.name: 'Windows 10', os.arch: 'amd64', os.version: '10.0', java.version: '17.0.7'
Driver info: com.kms.katalon.selenium.driver.CEdgeDriver
Capabilities {acceptInsecureCerts: false, browserName: MicrosoftEdge, browserVersion: 123.0.2420.97, fedcm:accounts: true, javascriptEnabled: true, ms:edgeOptions: {debuggerAddress: localhost:61814}, msedge: {msedgedriverVersion: 123.0.2420.97 (ba5f45140663..., userDataDir: C:\Users\XQ612DJ\AppData\Lo...}, networkConnectionEnabled: false, pageLoadStrategy: normal, platform: WINDOWS, platformName: WINDOWS, proxy: Proxy(), setWindowRect: true, strictFileInteractability: false, timeouts: {implicit: 0, pageLoad: 300000, script: 30000}, unhandledPromptBehavior: dismiss and notify, webauthn:extension:credBlob: true, webauthn:extension:largeBlob: true, webauthn:extension:minPinLength: true, webauthn:extension:prf: true, webauthn:virtualAuthenticators: true}
Session ID: 4cf862c13d67f3c69a4f762c1cde5f46
*** Element info: {Using=xpath, value=//div[@id='Content']/p/a}
	at java.base/jdk.internal.reflect.NativeConstructorAccessorImpl.newInstance0(Native Method)
	at java.base/jdk.internal.reflect.NativeConstructorAccessorImpl.newInstance(NativeConstructorAccessorImpl.java:77)
	at java.base/jdk.internal.reflect.DelegatingConstructorAccessorImpl.newInstance(DelegatingConstructorAccessorImpl.java:45)
	at org.openqa.selenium.remote.http.W3CHttpResponseCodec.createException(W3CHttpResponseCodec.java:187)
	at org.openqa.selenium.remote.http.W3CHttpResponseCodec.decode(W3CHttpResponseCodec.java:122)
	at org.openqa.selenium.remote.http.W3CHttpResponseCodec.decode(W3CHttpResponseCodec.java:49)
	at org.openqa.selenium.remote.HttpCommandExecutor.execute(HttpCommandExecutor.java:158)
	at org.openqa.selenium.remote.service.DriverCommandExecutor.execute(DriverCommandExecutor.java:83)
	at org.openqa.selenium.remote.RemoteWebDriver.execute(RemoteWebDriver.java:552)
	at com.kms.katalon.selenium.driver.CEdgeDriver.execute(CEdgeDriver.java:20)
	at org.openqa.selenium.remote.RemoteWebDriver.findElements(RemoteWebDriver.java:353)
	at org.openqa.selenium.remote.RemoteWebDriver.findElementsByXPath(RemoteWebDriver.java:432)
	at org.openqa.selenium.By$ByXPath.findElements(By.java:348)
	at org.openqa.selenium.remote.RemoteWebDriver.findElements(RemoteWebDriver.java:311)
	at java.base/jdk.internal.reflect.NativeMethodAccessorImpl.invoke0(Native Method)
	at java.base/jdk.internal.reflect.NativeMethodAccessorImpl.invoke(NativeMethodAccessorImpl.java:77)
	at java.base/jdk.internal.reflect.DelegatingMethodAccessorImpl.invoke(DelegatingMethodAccessorImpl.java:43)
	at org.openqa.selenium.support.events.EventFiringWebDriver.lambda$new$1(EventFiringWebDriver.java:105)
	at jdk.proxy2/jdk.proxy2.$Proxy23.findElements(Unknown Source)
	at org.openqa.selenium.support.events.EventFiringWebDriver.findElements(EventFiringWebDriver.java:182)
	at com.kms.katalon.core.webui.common.WebUiCommonHelper.findElementByNormalMethods(WebUiCommonHelper.java:1036)
	at com.kms.katalon.core.webui.common.WebUiCommonHelper.findElementsBySelectedMethod(WebUiCommonHelper.java:921)
	at com.kms.katalon.core.webui.common.WebUiCommonHelper.findElementsBySelectedMethod(WebUiCommonHelper.java:902)
	at com.kms.katalon.core.webui.common.WebUiCommonHelper.findElementsBySelectedMethod(WebUiCommonHelper.java:897)
	at com.kms.katalon.core.webui.common.WebUiCommonHelper.findElementsByDefault(WebUiCommonHelper.java:893)
	at com.kms.katalon.core.webui.common.WebUiCommonHelper.findElementsWithSelfHealing(WebUiCommonHelper.java:739)
	at com.kms.katalon.core.webui.common.WebUiCommonHelper.findWebElements(WebUiCommonHelper.java:723)
	at com.kms.katalon.core.webui.common.WebUiCommonHelper.findWebElement(WebUiCommonHelper.java:1416)
	at com.kms.katalon.core.webui.keyword.internal.WebUIAbstractKeyword.findWebElement(WebUIAbstractKeyword.groovy:27)
	at com.kms.katalon.core.webui.keyword.builtin.ClickKeyword$_click_closure1.doCall(ClickKeyword.groovy:65)
	at com.kms.katalon.core.webui.keyword.builtin.ClickKeyword$_click_closure1.call(ClickKeyword.groovy)
	at com.kms.katalon.core.webui.keyword.internal.WebUIKeywordMain.runKeyword(WebUIKeywordMain.groovy:20)
	... 20 more]]></system-out>
      <system-err><![CDATA[21-04-2024T16:42:47 - [TEST_SUITE][FAILED] - TS_Login: Test Cases/Login FAILED.
Reason:
com.kms.katalon.core.exception.StepFailedException: Unable to click on object 'Object Repository/PetStore/Page_JPetStore Demo/a_Enter the Store'
	at com.kms.katalon.core.webui.keyword.internal.WebUIKeywordMain.stepFailed(WebUIKeywordMain.groovy:64)
	at com.kms.katalon.core.webui.keyword.internal.WebUIKeywordMain.runKeyword(WebUIKeywordMain.groovy:26)
	at com.kms.katalon.core.webui.keyword.builtin.ClickKeyword.click(ClickKeyword.groovy:74)
	at com.kms.katalon.core.webui.keyword.builtin.ClickKeyword.execute(ClickKeyword.groovy:40)
	at com.kms.katalon.core.keyword.internal.KeywordExecutor.executeKeywordForPlatform(KeywordExecutor.groovy:74)
	at com.kms.katalon.core.webui.keyword.WebUiBuiltInKeywords.click(WebUiBuiltInKeywords.groovy:659)
	at Login.run(Login:24)
	at com.kms.katalon.core.main.ScriptEngine.run(ScriptEngine.java:194)
	at com.kms.katalon.core.main.ScriptEngine.runScriptAsRawText(ScriptEngine.java:119)
	at com.kms.katalon.core.main.TestCaseExecutor.runScript(TestCaseExecutor.java:448)
	at com.kms.katalon.core.main.TestCaseExecutor.doExecute(TestCaseExecutor.java:439)
	at com.kms.katalon.core.main.TestCaseExecutor.processExecutionPhase(TestCaseExecutor.java:418)
	at com.kms.katalon.core.main.TestCaseExecutor.accessMainPhase(TestCaseExecutor.java:410)
	at com.kms.katalon.core.main.TestCaseExecutor.execute(TestCaseExecutor.java:285)
	at com.kms.katalon.core.common.CommonExecutor.accessTestCaseMainPhase(CommonExecutor.java:65)
	at com.kms.katalon.core.main.TestSuiteExecutor.accessTestSuiteMainPhase(TestSuiteExecutor.java:150)
	at com.kms.katalon.core.main.TestSuiteExecutor.execute(TestSuiteExecutor.java:106)
	at com.kms.katalon.core.main.TestCaseMain.startTestSuite(TestCaseMain.java:180)
	at TempTestSuite1713697948054.run(TempTestSuite1713697948054.groovy:35)
	at java.base/jdk.internal.reflect.NativeMethodAccessorImpl.invoke0(Native Method)
	at java.base/jdk.internal.reflect.NativeMethodAccessorImpl.invoke(NativeMethodAccessorImpl.java:77)
	at java.base/jdk.internal.reflect.DelegatingMethodAccessorImpl.invoke(DelegatingMethodAccessorImpl.java:43)
Caused by: org.openqa.selenium.NoSuchWindowException: no such window: target window already closed
from unknown error: web view not found
  (Session info: MicrosoftEdge=123.0.2420.97)
Build info: version: '3.141.59', revision: 'e82be7d358', time: '2018-11-14T08:25:53'
System info: host: 'IN3086658W1', ip: '192.168.29.106', os.name: 'Windows 10', os.arch: 'amd64', os.version: '10.0', java.version: '17.0.7'
Driver info: com.kms.katalon.selenium.driver.CEdgeDriver
Capabilities {acceptInsecureCerts: false, browserName: MicrosoftEdge, browserVersion: 123.0.2420.97, fedcm:accounts: true, javascriptEnabled: true, ms:edgeOptions: {debuggerAddress: localhost:61814}, msedge: {msedgedriverVersion: 123.0.2420.97 (ba5f45140663..., userDataDir: C:\Users\XQ612DJ\AppData\Lo...}, networkConnectionEnabled: false, pageLoadStrategy: normal, platform: WINDOWS, platformName: WINDOWS, proxy: Proxy(), setWindowRect: true, strictFileInteractability: false, timeouts: {implicit: 0, pageLoad: 300000, script: 30000}, unhandledPromptBehavior: dismiss and notify, webauthn:extension:credBlob: true, webauthn:extension:largeBlob: true, webauthn:extension:minPinLength: true, webauthn:extension:prf: true, webauthn:virtualAuthenticators: true}
Session ID: 4cf862c13d67f3c69a4f762c1cde5f46
*** Element info: {Using=xpath, value=//div[@id='Content']/p/a}
	at java.base/jdk.internal.reflect.NativeConstructorAccessorImpl.newInstance0(Native Method)
	at java.base/jdk.internal.reflect.NativeConstructorAccessorImpl.newInstance(NativeConstructorAccessorImpl.java:77)
	at java.base/jdk.internal.reflect.DelegatingConstructorAccessorImpl.newInstance(DelegatingConstructorAccessorImpl.java:45)
	at org.openqa.selenium.remote.http.W3CHttpResponseCodec.createException(W3CHttpResponseCodec.java:187)
	at org.openqa.selenium.remote.http.W3CHttpResponseCodec.decode(W3CHttpResponseCodec.java:122)
	at org.openqa.selenium.remote.http.W3CHttpResponseCodec.decode(W3CHttpResponseCodec.java:49)
	at org.openqa.selenium.remote.HttpCommandExecutor.execute(HttpCommandExecutor.java:158)
	at org.openqa.selenium.remote.service.DriverCommandExecutor.execute(DriverCommandExecutor.java:83)
	at org.openqa.selenium.remote.RemoteWebDriver.execute(RemoteWebDriver.java:552)
	at com.kms.katalon.selenium.driver.CEdgeDriver.execute(CEdgeDriver.java:20)
	at org.openqa.selenium.remote.RemoteWebDriver.findElements(RemoteWebDriver.java:353)
	at org.openqa.selenium.remote.RemoteWebDriver.findElementsByXPath(RemoteWebDriver.java:432)
	at org.openqa.selenium.By$ByXPath.findElements(By.java:348)
	at org.openqa.selenium.remote.RemoteWebDriver.findElements(RemoteWebDriver.java:311)
	at java.base/jdk.internal.reflect.NativeMethodAccessorImpl.invoke0(Native Method)
	at java.base/jdk.internal.reflect.NativeMethodAccessorImpl.invoke(NativeMethodAccessorImpl.java:77)
	at java.base/jdk.internal.reflect.DelegatingMethodAccessorImpl.invoke(DelegatingMethodAccessorImpl.java:43)
	at org.openqa.selenium.support.events.EventFiringWebDriver.lambda$new$1(EventFiringWebDriver.java:105)
	at jdk.proxy2/jdk.proxy2.$Proxy23.findElements(Unknown Source)
	at org.openqa.selenium.support.events.EventFiringWebDriver.findElements(EventFiringWebDriver.java:182)
	at com.kms.katalon.core.webui.common.WebUiCommonHelper.findElementByNormalMethods(WebUiCommonHelper.java:1036)
	at com.kms.katalon.core.webui.common.WebUiCommonHelper.findElementsBySelectedMethod(WebUiCommonHelper.java:921)
	at com.kms.katalon.core.webui.common.WebUiCommonHelper.findElementsBySelectedMethod(WebUiCommonHelper.java:902)
	at com.kms.katalon.core.webui.common.WebUiCommonHelper.findElementsBySelectedMethod(WebUiCommonHelper.java:897)
	at com.kms.katalon.core.webui.common.WebUiCommonHelper.findElementsByDefault(WebUiCommonHelper.java:893)
	at com.kms.katalon.core.webui.common.WebUiCommonHelper.findElementsWithSelfHealing(WebUiCommonHelper.java:739)
	at com.kms.katalon.core.webui.common.WebUiCommonHelper.findWebElements(WebUiCommonHelper.java:723)
	at com.kms.katalon.core.webui.common.WebUiCommonHelper.findWebElement(WebUiCommonHelper.java:1416)
	at com.kms.katalon.core.webui.keyword.internal.WebUIAbstractKeyword.findWebElement(WebUIAbstractKeyword.groovy:27)
	at com.kms.katalon.core.webui.keyword.builtin.ClickKeyword$_click_closure1.doCall(ClickKeyword.groovy:65)
	at com.kms.katalon.core.webui.keyword.builtin.ClickKeyword$_click_closure1.call(ClickKeyword.groovy)
	at com.kms.katalon.core.webui.keyword.internal.WebUIKeywordMain.runKeyword(WebUIKeywordMain.groovy:20)
	... 20 more]]></system-err>
   </testsuite>
   <testsuite name="TS_Purchase_Cat" tests="1" failures="0" errors="0" time="54.675" skipped="0" timestamp="21-04-2024T16:43:25" hostname="XQ612DJ - IN3086658W1.ey.net" id="Test Suites/TS_Purchase_Cat">
      <properties>
         <property name="deviceName" value=""/>
         <property name="devicePlatform" value=""/>
         <property name="logFolder" value="C:\\Users\\XQ612DJ\\git\\KatalonPetStoreGit\\Reports\\20240421_164227\\TS_Purchase_Cat\\20240421_164230"/>
         <property name="logFiles" value="C:\\Users\\XQ612DJ\\git\\KatalonPetStoreGit\\Reports\\20240421_164227\\TS_Purchase_Cat\\20240421_164230\\execution0.log"/>
         <property name="attachments" value=""/>
         <property name="hostName" value="XQ612DJ - IN3086658W1.ey.net"/>
         <property name="os" value="Windows 10 64bit"/>
         <property name="katalonVersion" value="9.4.0.212"/>
         <property name="browser" value="Edge Chromium 123"/>
         <property name="hostAddress" value="192.168.29.106"/>
         <property name="sessionId" value="4a23233da608093122a3d672f2119f0b"/>
         <property name="seleniumVersion" value="3.141.59"/>
         <property name="proxyInformation" value="ProxyInformation { proxyOption=NO_PROXY, proxyServerType=HTTP, username=, password=********, proxyServerAddress=, proxyServerPort=0, executionList=&quot;&quot;, isApplyToDesiredCapabilities=true }"/>
         <property name="platform" value="Windows 10"/>
      </properties>
      <testcase name="Test Cases/Purchase_Cat" time="54.064" classname="Test Cases/Purchase_Cat" status="PASSED">
         <system-out><![CDATA[21-04-2024T16:43:25 - [TEST_CASE][PASSED] - Test Cases/Purchase_Cat: Test Cases/Purchase_Cat

21-04-2024T16:43:26 - [TEST_STEP][PASSED] - callTestCase(findTestCase("Login"), [:], STOP_ON_FAILURE): Call Test Case 'Test Cases/Login' successfully

21-04-2024T16:43:27 - [TEST_CASE][PASSED] - Test Cases/Login: Test Cases/Login

21-04-2024T16:43:27 - [TEST_STEP][PASSED] - openBrowser(""): Browser is opened with url: ''

21-04-2024T16:43:28 - [MESSAGE][INFO] - Starting 'Edge Chromium' driver

21-04-2024T16:43:30 - [MESSAGE][INFO] - Action delay is set to 0 milliseconds

21-04-2024T16:43:34 - [MESSAGE][PASSED] - Browser is opened with url: ''

21-04-2024T16:43:34 - [TEST_STEP][PASSED] - navigateToUrl("https://petstore.octoperf.com/"): Navigate to 'https://petstore.octoperf.com/' successfully

21-04-2024T16:43:36 - [MESSAGE][PASSED] - Navigate to 'https://petstore.octoperf.com/' successfully

21-04-2024T16:43:36 - [TEST_STEP][PASSED] - click(findTestObject("Object Repository/PetStore/Page_JPetStore Demo/a_Enter the Store")): Object: 'Object Repository/PetStore/Page_JPetStore Demo/a_Enter the Store' is clicked on

21-04-2024T16:43:37 - [MESSAGE][PASSED] - Object: 'Object Repository/PetStore/Page_JPetStore Demo/a_Enter the Store' is clicked on

21-04-2024T16:43:37 - [TEST_STEP][PASSED] - click(findTestObject("Object Repository/PetStore/Page_JPetStore Demo/a_Sign In")): Object: 'Object Repository/PetStore/Page_JPetStore Demo/a_Sign In' is clicked on

21-04-2024T16:43:38 - [MESSAGE][PASSED] - Object: 'Object Repository/PetStore/Page_JPetStore Demo/a_Sign In' is clicked on

21-04-2024T16:43:38 - [TEST_STEP][PASSED] - setText(findTestObject("Object Repository/PetStore/Page_JPetStore Demo/input_Need a user name and password_username"), "j2ee"): Text 'j2ee' is set on object 'Object Repository/PetStore/Page_JPetStore Demo/input_Need a user name and password_username'

21-04-2024T16:43:40 - [MESSAGE][PASSED] - Text 'j2ee' is set on object 'Object Repository/PetStore/Page_JPetStore Demo/input_Need a user name and password_username'

21-04-2024T16:43:40 - [TEST_STEP][PASSED] - click(findTestObject("Object Repository/PetStore/Page_JPetStore Demo/input_Need a user name and password_signon")): Object: 'Object Repository/PetStore/Page_JPetStore Demo/input_Need a user name and password_signon' is clicked on

21-04-2024T16:43:41 - [MESSAGE][PASSED] - Object: 'Object Repository/PetStore/Page_JPetStore Demo/input_Need a user name and password_signon' is clicked on

21-04-2024T16:43:41 - [TEST_STEP][PASSED] - waitForPageLoad(10): Wait for page load successfully

21-04-2024T16:43:41 - [MESSAGE][PASSED] - Wait for page load successfully

21-04-2024T16:43:41 - [MESSAGE][PASSED] - Call Test Case 'Test Cases/Login' successfully

21-04-2024T16:43:41 - [TEST_STEP][PASSED] - click(findTestObject("Object Repository/Page_JPetStore Demo/img")): Object: 'Object Repository/Page_JPetStore Demo/img' is clicked on

21-04-2024T16:43:42 - [MESSAGE][PASSED] - Object: 'Object Repository/Page_JPetStore Demo/img' is clicked on

21-04-2024T16:43:42 - [TEST_STEP][PASSED] - navigateToUrl("https://petstore.octoperf.com/actions/Catalog.action?viewCategory=&categoryId=CATS"): Navigate to 'https://petstore.octoperf.com/actions/Catalog.action?viewCategory=&categoryId=CATS' successfully

21-04-2024T16:43:42 - [MESSAGE][PASSED] - Navigate to 'https://petstore.octoperf.com/actions/Catalog.action?viewCategory=&categoryId=CATS' successfully

21-04-2024T16:43:42 - [TEST_STEP][PASSED] - click(findTestObject("Object Repository/Page_JPetStore Demo/a_FL-DLH-02")): Object: 'Object Repository/Page_JPetStore Demo/a_FL-DLH-02' is clicked on

21-04-2024T16:43:43 - [MESSAGE][PASSED] - Object: 'Object Repository/Page_JPetStore Demo/a_FL-DLH-02' is clicked on

21-04-2024T16:43:43 - [TEST_STEP][PASSED] - click(findTestObject("Object Repository/Page_JPetStore Demo/a_Add to Cart")): Object: 'Object Repository/Page_JPetStore Demo/a_Add to Cart' is clicked on

21-04-2024T16:43:44 - [MESSAGE][PASSED] - Object: 'Object Repository/Page_JPetStore Demo/a_Add to Cart' is clicked on

21-04-2024T16:43:44 - [TEST_STEP][PASSED] - click(findTestObject("Object Repository/Page_JPetStore Demo/a_Proceed to Checkout")): Object: 'Object Repository/Page_JPetStore Demo/a_Proceed to Checkout' is clicked on

21-04-2024T16:43:44 - [MESSAGE][PASSED] - Object: 'Object Repository/Page_JPetStore Demo/a_Proceed to Checkout' is clicked on

21-04-2024T16:43:44 - [TEST_STEP][PASSED] - click(findTestObject("Object Repository/Page_JPetStore Demo/input_Ship to different address_newOrder")): Object: 'Object Repository/Page_JPetStore Demo/input_Ship to different address_newOrder' is clicked on

21-04-2024T16:44:16 - [MESSAGE][INFO] - Unable to find the element located by 'By.xpath: //input[@name='password']'. Please recheck the objects properties to make sure the desired element is located. 

21-04-2024T16:44:16 - [MESSAGE][WARNING] - [SELF-HEALING] Failed to find element with id 'Object Repository/Page_JPetStore Demo/input_Ship to different address_newOrder'. Try using Self-healing.

21-04-2024T16:44:16 - [MESSAGE][INFO] - [SELF-HEALING] Failed Locator: '//input[@name='signon']'.

21-04-2024T16:44:16 - [MESSAGE][INFO] - [SELF-HEALING] Working Locator: '//div[@id='Catalog']/form/input'.

21-04-2024T16:44:17 - [MESSAGE][INFO] - [SELF-HEALING] Screenshot: C:/Users/XQ612DJ/git/KatalonPetStoreGit/Reports/Self-healing/Object Repository/Page_JPetStore Demo/input_Ship to different address_newOrder_idRelative.png

21-04-2024T16:44:17 - [MESSAGE][WARNING] - [SELF-HEALING] The current locator of test object 'Object Repository/Page_JPetStore Demo/input_Ship to different address_newOrder' was broken. Propose an alternative one: '//div[@id='Catalog']/form/input'.

21-04-2024T16:44:17 - [MESSAGE][PASSED] - Object: 'Object Repository/Page_JPetStore Demo/input_Ship to different address_newOrder' is clicked on

21-04-2024T16:44:17 - [TEST_STEP][PASSED] - click(findTestObject("Object Repository/Page_JPetStore Demo/a_Confirm")): Object: 'Object Repository/Page_JPetStore Demo/a_Confirm' is clicked on

21-04-2024T16:44:18 - [MESSAGE][PASSED] - Object: 'Object Repository/Page_JPetStore Demo/a_Confirm' is clicked on

21-04-2024T16:44:18 - [TEST_STEP][PASSED] - verifyElementText(findTestObject("Object Repository/Page_JPetStore Demo/li_Thank you, your order has been submitted"), "Thank you, your order has been submitted."): Actual text and expected text of test object 'Object Repository/Page_JPetStore Demo/li_Thank you, your order has been submitted' are matched.

21-04-2024T16:44:18 - [MESSAGE][PASSED] - Actual text and expected text of test object 'Object Repository/Page_JPetStore Demo/li_Thank you, your order has been submitted' are matched.

21-04-2024T16:44:18 - [TEST_STEP][PASSED] - click(findTestObject("Object Repository/Page_JPetStore Demo/a_Sign Out")): Object: 'Object Repository/Page_JPetStore Demo/a_Sign Out' is clicked on

21-04-2024T16:44:19 - [MESSAGE][PASSED] - Object: 'Object Repository/Page_JPetStore Demo/a_Sign Out' is clicked on

21-04-2024T16:44:19 - [TEST_STEP][PASSED] - closeBrowser(): Browser is closed

21-04-2024T16:44:19 - [MESSAGE][PASSED] - Browser is closed]]></system-out>
         <system-err><![CDATA[]]></system-err>
      </testcase>
      <system-out><![CDATA[21-04-2024T16:43:25 - [TEST_SUITE][PASSED] - TS_Purchase_Cat: Test Cases/Purchase_Cat]]></system-out>
      <system-err><![CDATA[]]></system-err>
   </testsuite>
</testsuites>
